{"numTotalTestSuites":5,"numPassedTestSuites":5,"numFailedTestSuites":0,"numPendingTestSuites":0,"numTotalTests":12,"numPassedTests":12,"numFailedTests":0,"numPendingTests":0,"numTodoTests":0,"snapshot":{"added":0,"failure":false,"filesAdded":0,"filesRemoved":0,"filesRemovedList":[],"filesUnmatched":0,"filesUpdated":0,"matched":0,"total":0,"unchecked":0,"uncheckedKeysByFile":[],"unmatched":0,"updated":0,"didUpdate":false},"startTime":1789246898228,"success":true,"testResults":[{"assertionResults":[{"ancestorTitles":["Phase 17 — Three-Level State Architecture","Level 1: Server State (Domain & API Layer)"],"fullName":"Phase 17 — Three-Level State Architecture Level 1: Server State (Domain & API Layer) provides deterministic filtering and stats computation close to feature layer","status":"passed","title":"provides deterministic filtering and stats computation close to feature layer","duration":2.212622000002739,"failureMessages":[],"meta":{},"tags":[]},{"ancestorTitles":["Phase 17 — Three-Level State Architecture","Level 2: Application State (Contexts & App Providers)"],"fullName":"Phase 17 — Three-Level State Architecture Level 2: Application State (Contexts & App Providers) ThemeContext manages theme and dark mode toggling","status":"passed","title":"ThemeContext manages theme and dark mode toggling","duration":14.483565999998973,"failureMessages":[],"meta":{},"tags":[]},{"ancestorTitles":["Phase 17 — Three-Level State Architecture","Level 2: Application State (Contexts & App Providers)"],"fullName":"Phase 17 — Three-Level State Architecture Level 2: Application State (Contexts & App Providers) AuthContext manages user session, role, and permissions","status":"passed","title":"AuthContext manages user session, role, and permissions","duration":3.567094999998517,"failureMessages":[],"meta":{},"tags":[]},{"ancestorTitles":["Phase 17 — Three-Level State Architecture","Level 2: Application State (Contexts & App Providers)"],"fullName":"Phase 17 — Three-Level State Architecture Level 2: Application State (Contexts & App Providers) NavigationContext manages routing, tab switches, and badge counts","status":"passed","title":"NavigationContext manages routing, tab switches, and badge counts","duration":3.4318339999990712,"failureMessages":[],"meta":{},"tags":[]},{"ancestorTitles":["Phase 17 — Three-Level State Architecture","Level 2: Application State (Contexts & App Providers)"],"fullName":"Phase 17 — Three-Level State Architecture Level 2: Application State (Contexts & App Providers) GlobalModalContext opens and closes centralized dialogs with payloads","status":"passed","title":"GlobalModalContext opens and closes centralized dialogs with payloads","duration":2.4182440000004135,"failureMessages":[],"meta":{},"tags":[]},{"ancestorTitles":["Phase 17 — Three-Level State Architecture","Level 2: Application State (Contexts & App Providers)"],"fullName":"Phase 17 — Three-Level State Architecture Level 2: Application State (Contexts & App Providers) NotificationContext adds and dismisses toast notifications","status":"passed","title":"NotificationContext adds and dismisses toast notifications","duration":2.171397000001889,"failureMessages":[],"meta":{},"tags":[]},{"ancestorTitles":["Phase 17 — Three-Level State Architecture","Level 2: Application State (Contexts & App Providers)"],"fullName":"Phase 17 — Three-Level State Architecture Level 2: Application State (Contexts & App Providers) ApplicationStateProvider orchestrates all application contexts cohesively","status":"passed","title":"ApplicationStateProvider orchestrates all application contexts cohesively","duration":2.944295000001148,"failureMessages":[],"meta":{},"tags":[]},{"ancestorTitles":["Phase 17 — Three-Level State Architecture","Level 3: Local UI State (Encapsulated in Component)"],"fullName":"Phase 17 — Three-Level State Architecture Level 3: Local UI State (Encapsulated in Component) useModalState keeps modal state inside component without polluting global stores","status":"passed","title":"useModalState keeps modal state inside component without polluting global stores","duration":1.4259650000021793,"failureMessages":[],"meta":{},"tags":[]},{"ancestorTitles":["Phase 17 — Three-Level State Architecture","Level 3: Local UI State (Encapsulated in Component)"],"fullName":"Phase 17 — Three-Level State Architecture Level 3: Local UI State (Encapsulated in Component) useSearchFilter filters items strictly in component scope","status":"passed","title":"useSearchFilter filters items strictly in component scope","duration":1.999723000000813,"failureMessages":[],"meta":{},"tags":[]},{"ancestorTitles":["Phase 17 — Three-Level State Architecture","Level 3: Local UI State (Encapsulated in Component)"],"fullName":"Phase 17 — Three-Level State Architecture Level 3: Local UI State (Encapsulated in Component) useActiveFilter manages local segment controls and pills","status":"passed","title":"useActiveFilter manages local segment controls and pills","duration":1.614289999997709,"failureMessages":[],"meta":{},"tags":[]},{"ancestorTitles":["Phase 17 — Three-Level State Architecture","Level 3: Local UI State (Encapsulated in Component)"],"fullName":"Phase 17 — Three-Level State Architecture Level 3: Local UI State (Encapsulated in Component) useFormStep manages multi-step forms encapsulated in modals","status":"passed","title":"useFormStep manages multi-step forms encapsulated in modals","duration":1.4695520000022952,"failureMessages":[],"meta":{},"tags":[]},{"ancestorTitles":["Phase 17 — Three-Level State Architecture","Level 3: Local UI State (Encapsulated in Component)"],"fullName":"Phase 17 — Three-Level State Architecture Level 3: Local UI State (Encapsulated in Component) useSelectionState encapsulates row and batch selection","status":"passed","title":"useSelectionState encapsulates row and batch selection","duration":59.304463000000396,"failureMessages":[],"meta":{},"tags":[]}],"startTime":1789246916001,"endTime":1789246916098.3044,"status":"passed","message":"","name":"/app/applet/src/__tests__/state-architecture.test.tsx"}]}